0 info it worked if it ends with ok
1 verbose cli [ '/home/ubuntu/.nvm/v0.10.35/bin/node',
1 verbose cli   '/home/ubuntu/.nvm/v0.10.35/bin/npm',
1 verbose cli   'install',
1 verbose cli   'tall' ]
2 info using npm@1.4.28
3 info using node@v0.10.35
4 warn package.json file-upload-example@1.0.0 No repository field.
5 verbose readDependencies using package.json deps
6 verbose cache add [ 'tall', null ]
7 verbose cache add name=undefined spec="tall" args=["tall",null]
8 verbose parsed url { protocol: null,
8 verbose parsed url   slashes: null,
8 verbose parsed url   auth: null,
8 verbose parsed url   host: null,
8 verbose parsed url   port: null,
8 verbose parsed url   hostname: null,
8 verbose parsed url   hash: null,
8 verbose parsed url   search: null,
8 verbose parsed url   query: null,
8 verbose parsed url   pathname: 'tall',
8 verbose parsed url   path: 'tall',
8 verbose parsed url   href: 'tall' }
9 silly lockFile 09649207-tall tall
10 verbose lock tall /home/ubuntu/.npm/09649207-tall.lock
11 silly lockFile 09649207-tall tall
12 silly lockFile 09649207-tall tall
13 verbose addNamed [ 'tall', '' ]
14 verbose addNamed [ null, '*' ]
15 silly lockFile 3913b1b2-tall tall@
16 verbose lock tall@ /home/ubuntu/.npm/3913b1b2-tall.lock
17 silly addNameRange { name: 'tall', range: '*', hasData: false }
18 verbose request where is /tall
19 verbose request registry https://registry.npmjs.org/
20 verbose request id ef2fe8cd7661a735
21 verbose url raw /tall
22 verbose url resolving [ 'https://registry.npmjs.org/', './tall' ]
23 verbose url resolved https://registry.npmjs.org/tall
24 verbose request where is https://registry.npmjs.org/tall
25 info trying registry request attempt 1 at 14:28:16
26 http GET https://registry.npmjs.org/tall
27 http 404 https://registry.npmjs.org/tall
28 silly registry.get cb [ 404,
28 silly registry.get   { 'content-type': 'application/json',
28 silly registry.get     'cache-control': 'max-age=0',
28 silly registry.get     'content-length': '2',
28 silly registry.get     'accept-ranges': 'bytes',
28 silly registry.get     date: 'Tue, 23 Feb 2016 14:28:16 GMT',
28 silly registry.get     via: '1.1 varnish',
28 silly registry.get     age: '0',
28 silly registry.get     connection: 'keep-alive',
28 silly registry.get     'x-served-by': 'cache-ams4127-AMS',
28 silly registry.get     'x-cache': 'MISS',
28 silly registry.get     'x-cache-hits': '0',
28 silly registry.get     'x-timer': 'S1456237696.444388,VS0,VE187' } ]
29 silly lockFile 3913b1b2-tall tall@
30 silly lockFile 3913b1b2-tall tall@
31 error 404 Not Found
31 error 404
31 error 404 'tall' is not in the npm registry.
31 error 404 You should bug the author to publish it
31 error 404 It was specified as a dependency of 'file-upload-example'
31 error 404
31 error 404 Note that you can also install from a
31 error 404 tarball, folder, or http url, or git url.
32 error System Linux 4.2.0-c9
33 error command "/home/ubuntu/.nvm/v0.10.35/bin/node" "/home/ubuntu/.nvm/v0.10.35/bin/npm" "install" "tall"
34 error cwd /home/ubuntu/workspace/Backup/dropzone/Boda
35 error node -v v0.10.35
36 error npm -v 1.4.28
37 error code E404
38 verbose exit [ 1, true ]
